{"C:\\Users\\IFECHUKWU\\Desktop\\URL SHORTENER\\app.js": {"path":"C:\\Users\\IFECHUKWU\\Desktop\\URL SHORTENER\\app.js","statementMap":{"0":{"start":{"line":1,"column":16},"end":{"line":1,"column":34}},"1":{"start":{"line":2,"column":21},"end":{"line":2,"column":45}},"2":{"start":{"line":3,"column":17},"end":{"line":3,"column":36}},"3":{"start":{"line":4,"column":16},"end":{"line":4,"column":42}},"4":{"start":{"line":5,"column":15},"end":{"line":5,"column":32}},"5":{"start":{"line":6,"column":30},"end":{"line":6,"column":64}},"6":{"start":{"line":7,"column":12},"end":{"line":7,"column":26}},"7":{"start":{"line":8,"column":18},"end":{"line":8,"column":47}},"8":{"start":{"line":10,"column":18},"end":{"line":10,"column":46}},"9":{"start":{"line":11,"column":18},"end":{"line":11,"column":40}},"10":{"start":{"line":12,"column":19},"end":{"line":12,"column":55}},"11":{"start":{"line":14,"column":0},"end":{"line":14,"column":16}},"12":{"start":{"line":15,"column":12},"end":{"line":15,"column":21}},"13":{"start":{"line":16,"column":21},"end":{"line":16,"column":51}},"14":{"start":{"line":18,"column":23},"end":{"line":18,"column":49}},"15":{"start":{"line":19,"column":31},"end":{"line":19,"column":65}},"16":{"start":{"line":20,"column":21},"end":{"line":20,"column":45}},"17":{"start":{"line":22,"column":0},"end":{"line":22,"column":30}},"18":{"start":{"line":24,"column":14},"end":{"line":27,"column":2}},"19":{"start":{"line":29,"column":0},"end":{"line":31,"column":3}},"20":{"start":{"line":30,"column":2},"end":{"line":30,"column":21}},"21":{"start":{"line":34,"column":18},"end":{"line":44,"column":2}},"22":{"start":{"line":47,"column":0},"end":{"line":47,"column":24}},"23":{"start":{"line":48,"column":0},"end":{"line":48,"column":19}},"24":{"start":{"line":49,"column":0},"end":{"line":49,"column":24}},"25":{"start":{"line":50,"column":0},"end":{"line":50,"column":49}},"26":{"start":{"line":51,"column":0},"end":{"line":51,"column":31}},"27":{"start":{"line":52,"column":0},"end":{"line":52,"column":11}},"28":{"start":{"line":54,"column":19},"end":{"line":58,"column":2}},"29":{"start":{"line":59,"column":0},"end":{"line":59,"column":25}},"30":{"start":{"line":61,"column":0},"end":{"line":63,"column":3}},"31":{"start":{"line":62,"column":2},"end":{"line":62,"column":22}},"32":{"start":{"line":64,"column":0},"end":{"line":66,"column":3}},"33":{"start":{"line":65,"column":2},"end":{"line":65,"column":23}},"34":{"start":{"line":67,"column":0},"end":{"line":69,"column":3}},"35":{"start":{"line":68,"column":2},"end":{"line":68,"column":19}},"36":{"start":{"line":70,"column":0},"end":{"line":72,"column":3}},"37":{"start":{"line":71,"column":2},"end":{"line":71,"column":26}},"38":{"start":{"line":74,"column":0},"end":{"line":74,"column":24}},"39":{"start":{"line":75,"column":0},"end":{"line":75,"column":24}},"40":{"start":{"line":76,"column":0},"end":{"line":76,"column":21}}},"fnMap":{"0":{"name":"(anonymous_0)","decl":{"start":{"line":29,"column":18},"end":{"line":29,"column":19}},"loc":{"start":{"line":29,"column":29},"end":{"line":31,"column":1}},"line":29},"1":{"name":"(anonymous_1)","decl":{"start":{"line":61,"column":13},"end":{"line":61,"column":14}},"loc":{"start":{"line":61,"column":33},"end":{"line":63,"column":1}},"line":61},"2":{"name":"(anonymous_2)","decl":{"start":{"line":64,"column":19},"end":{"line":64,"column":20}},"loc":{"start":{"line":64,"column":39},"end":{"line":66,"column":1}},"line":64},"3":{"name":"(anonymous_3)","decl":{"start":{"line":67,"column":18},"end":{"line":67,"column":19}},"loc":{"start":{"line":67,"column":38},"end":{"line":69,"column":1}},"line":67},"4":{"name":"(anonymous_4)","decl":{"start":{"line":70,"column":23},"end":{"line":70,"column":24}},"loc":{"start":{"line":70,"column":43},"end":{"line":72,"column":1}},"line":70}},"branchMap":{},"s":{"0":1,"1":1,"2":1,"3":1,"4":1,"5":1,"6":1,"7":1,"8":1,"9":1,"10":1,"11":1,"12":1,"13":1,"14":1,"15":1,"16":1,"17":1,"18":1,"19":1,"20":0,"21":1,"22":1,"23":1,"24":1,"25":1,"26":1,"27":1,"28":1,"29":1,"30":1,"31":0,"32":1,"33":0,"34":1,"35":0,"36":1,"37":0,"38":1,"39":1,"40":1},"f":{"0":0,"1":0,"2":0,"3":0,"4":0},"b":{},"_coverageSchema":"1a1c01bbd47fc00a2c39e90264f33305004495a9","hash":"75059e5099e99e2d5effe705eb53a31022c6b88a"}
,"C:\\Users\\IFECHUKWU\\Desktop\\URL SHORTENER\\controller\\authController.js": {"path":"C:\\Users\\IFECHUKWU\\Desktop\\URL SHORTENER\\controller\\authController.js","statementMap":{"0":{"start":{"line":1,"column":13},"end":{"line":1,"column":45}},"1":{"start":{"line":2,"column":15},"end":{"line":2,"column":32}},"2":{"start":{"line":3,"column":0},"end":{"line":3,"column":16}},"3":{"start":{"line":4,"column":17},"end":{"line":4,"column":48}},"4":{"start":{"line":6,"column":0},"end":{"line":34,"column":2}},"5":{"start":{"line":7,"column":2},"end":{"line":33,"column":3}},"6":{"start":{"line":8,"column":70},"end":{"line":8,"column":78}},"7":{"start":{"line":9,"column":17},"end":{"line":15,"column":6}},"8":{"start":{"line":16,"column":4},"end":{"line":16,"column":30}},"9":{"start":{"line":17,"column":4},"end":{"line":17,"column":37}},"10":{"start":{"line":18,"column":4},"end":{"line":18,"column":25}},"11":{"start":{"line":19,"column":18},"end":{"line":19,"column":32}},"12":{"start":{"line":20,"column":4},"end":{"line":20,"column":29}},"13":{"start":{"line":22,"column":4},"end":{"line":22,"column":51}},"14":{"start":{"line":24,"column":4},"end":{"line":30,"column":7}},"15":{"start":{"line":32,"column":4},"end":{"line":32,"column":16}},"16":{"start":{"line":36,"column":0},"end":{"line":61,"column":2}},"17":{"start":{"line":37,"column":2},"end":{"line":60,"column":3}},"18":{"start":{"line":38,"column":32},"end":{"line":38,"column":40}},"19":{"start":{"line":40,"column":4},"end":{"line":41,"column":77}},"20":{"start":{"line":41,"column":6},"end":{"line":41,"column":77}},"21":{"start":{"line":42,"column":17},"end":{"line":42,"column":66}},"22":{"start":{"line":43,"column":4},"end":{"line":43,"column":22}},"23":{"start":{"line":44,"column":4},"end":{"line":45,"column":78}},"24":{"start":{"line":45,"column":6},"end":{"line":45,"column":78}},"25":{"start":{"line":46,"column":4},"end":{"line":46,"column":30}},"26":{"start":{"line":47,"column":4},"end":{"line":47,"column":25}},"27":{"start":{"line":48,"column":18},"end":{"line":48,"column":32}},"28":{"start":{"line":49,"column":4},"end":{"line":49,"column":49}},"29":{"start":{"line":51,"column":4},"end":{"line":57,"column":7}},"30":{"start":{"line":59,"column":4},"end":{"line":59,"column":16}}},"fnMap":{"0":{"name":"(anonymous_0)","decl":{"start":{"line":6,"column":21},"end":{"line":6,"column":22}},"loc":{"start":{"line":6,"column":47},"end":{"line":34,"column":1}},"line":6},"1":{"name":"(anonymous_1)","decl":{"start":{"line":36,"column":21},"end":{"line":36,"column":22}},"loc":{"start":{"line":36,"column":47},"end":{"line":61,"column":1}},"line":36}},"branchMap":{"0":{"loc":{"start":{"line":40,"column":4},"end":{"line":41,"column":77}},"type":"if","locations":[{"start":{"line":40,"column":4},"end":{"line":41,"column":77}},{"start":{},"end":{}}],"line":40},"1":{"loc":{"start":{"line":40,"column":8},"end":{"line":40,"column":27}},"type":"binary-expr","locations":[{"start":{"line":40,"column":8},"end":{"line":40,"column":14}},{"start":{"line":40,"column":18},"end":{"line":40,"column":27}}],"line":40},"2":{"loc":{"start":{"line":44,"column":4},"end":{"line":45,"column":78}},"type":"if","locations":[{"start":{"line":44,"column":4},"end":{"line":45,"column":78}},{"start":{},"end":{}}],"line":44},"3":{"loc":{"start":{"line":44,"column":8},"end":{"line":44,"column":58}},"type":"binary-expr","locations":[{"start":{"line":44,"column":8},"end":{"line":44,"column":13}},{"start":{"line":44,"column":17},"end":{"line":44,"column":58}}],"line":44}},"s":{"0":1,"1":1,"2":1,"3":1,"4":1,"5":1,"6":1,"7":1,"8":1,"9":1,"10":1,"11":1,"12":1,"13":1,"14":1,"15":1,"16":1,"17":1,"18":1,"19":1,"20":0,"21":1,"22":1,"23":1,"24":0,"25":1,"26":1,"27":1,"28":1,"29":1,"30":1},"f":{"0":1,"1":1},"b":{"0":[0,1],"1":[1,1],"2":[0,1],"3":[1,1]},"_coverageSchema":"1a1c01bbd47fc00a2c39e90264f33305004495a9","hash":"161d29ea6754ef3fce21df009594f65edadfede1"}
,"C:\\Users\\IFECHUKWU\\Desktop\\URL SHORTENER\\controller\\urlController.js": {"path":"C:\\Users\\IFECHUKWU\\Desktop\\URL SHORTENER\\controller\\urlController.js","statementMap":{"0":{"start":{"line":1,"column":12},"end":{"line":1,"column":35}},"1":{"start":{"line":2,"column":15},"end":{"line":2,"column":32}},"2":{"start":{"line":3,"column":16},"end":{"line":3,"column":46}},"3":{"start":{"line":4,"column":13},"end":{"line":4,"column":28}},"4":{"start":{"line":5,"column":24},"end":{"line":5,"column":52}},"5":{"start":{"line":6,"column":11},"end":{"line":6,"column":28}},"6":{"start":{"line":7,"column":15},"end":{"line":7,"column":32}},"7":{"start":{"line":8,"column":13},"end":{"line":8,"column":45}},"8":{"start":{"line":9,"column":0},"end":{"line":9,"column":16}},"9":{"start":{"line":11,"column":0},"end":{"line":29,"column":2}},"10":{"start":{"line":12,"column":2},"end":{"line":28,"column":3}},"11":{"start":{"line":13,"column":14},"end":{"line":13,"column":64}},"12":{"start":{"line":14,"column":4},"end":{"line":14,"column":21}},"13":{"start":{"line":15,"column":4},"end":{"line":24,"column":5}},"14":{"start":{"line":16,"column":6},"end":{"line":19,"column":8}},"15":{"start":{"line":21,"column":6},"end":{"line":21,"column":51}},"16":{"start":{"line":23,"column":6},"end":{"line":23,"column":44}},"17":{"start":{"line":26,"column":4},"end":{"line":26,"column":21}},"18":{"start":{"line":27,"column":4},"end":{"line":27,"column":46}},"19":{"start":{"line":31,"column":14},"end":{"line":31,"column":16}},"20":{"start":{"line":33,"column":0},"end":{"line":91,"column":2}},"21":{"start":{"line":34,"column":18},"end":{"line":34,"column":38}},"22":{"start":{"line":35,"column":16},"end":{"line":35,"column":33}},"23":{"start":{"line":37,"column":18},"end":{"line":40,"column":3}},"24":{"start":{"line":42,"column":18},"end":{"line":42,"column":34}},"25":{"start":{"line":43,"column":2},"end":{"line":43,"column":23}},"26":{"start":{"line":44,"column":23},"end":{"line":44,"column":51}},"27":{"start":{"line":45,"column":2},"end":{"line":45,"column":28}},"28":{"start":{"line":47,"column":2},"end":{"line":50,"column":3}},"29":{"start":{"line":49,"column":4},"end":{"line":49,"column":56}},"30":{"start":{"line":51,"column":2},"end":{"line":90,"column":3}},"31":{"start":{"line":55,"column":6},"end":{"line":57,"column":17}},"32":{"start":{"line":58,"column":4},"end":{"line":58,"column":68}},"33":{"start":{"line":59,"column":18},"end":{"line":59,"column":34}},"34":{"start":{"line":61,"column":4},"end":{"line":61,"column":37}},"35":{"start":{"line":62,"column":4},"end":{"line":87,"column":5}},"36":{"start":{"line":63,"column":16},"end":{"line":63,"column":50}},"37":{"start":{"line":64,"column":6},"end":{"line":83,"column":7}},"38":{"start":{"line":65,"column":8},"end":{"line":65,"column":45}},"39":{"start":{"line":67,"column":25},"end":{"line":67,"column":74}},"40":{"start":{"line":68,"column":19},"end":{"line":74,"column":10}},"41":{"start":{"line":76,"column":25},"end":{"line":76,"column":56}},"42":{"start":{"line":78,"column":24},"end":{"line":78,"column":47}},"43":{"start":{"line":80,"column":8},"end":{"line":80,"column":28}},"44":{"start":{"line":81,"column":8},"end":{"line":81,"column":58}},"45":{"start":{"line":85,"column":6},"end":{"line":85,"column":23}},"46":{"start":{"line":86,"column":6},"end":{"line":86,"column":43}},"47":{"start":{"line":89,"column":4},"end":{"line":89,"column":40}},"48":{"start":{"line":93,"column":0},"end":{"line":138,"column":2}},"49":{"start":{"line":95,"column":29},"end":{"line":95,"column":37}},"50":{"start":{"line":97,"column":16},"end":{"line":97,"column":33}},"51":{"start":{"line":99,"column":18},"end":{"line":102,"column":3}},"52":{"start":{"line":104,"column":18},"end":{"line":104,"column":34}},"53":{"start":{"line":105,"column":23},"end":{"line":105,"column":51}},"54":{"start":{"line":107,"column":2},"end":{"line":110,"column":3}},"55":{"start":{"line":109,"column":4},"end":{"line":109,"column":56}},"56":{"start":{"line":111,"column":2},"end":{"line":137,"column":3}},"57":{"start":{"line":112,"column":4},"end":{"line":134,"column":5}},"58":{"start":{"line":113,"column":16},"end":{"line":113,"column":48}},"59":{"start":{"line":114,"column":6},"end":{"line":130,"column":7}},"60":{"start":{"line":115,"column":8},"end":{"line":115,"column":45}},"61":{"start":{"line":117,"column":26},"end":{"line":117,"column":75}},"62":{"start":{"line":119,"column":21},"end":{"line":124,"column":10}},"63":{"start":{"line":125,"column":25},"end":{"line":125,"column":56}},"64":{"start":{"line":127,"column":8},"end":{"line":127,"column":28}},"65":{"start":{"line":128,"column":24},"end":{"line":128,"column":47}},"66":{"start":{"line":129,"column":8},"end":{"line":129,"column":58}},"67":{"start":{"line":132,"column":6},"end":{"line":132,"column":23}},"68":{"start":{"line":133,"column":6},"end":{"line":133,"column":48}},"69":{"start":{"line":136,"column":4},"end":{"line":136,"column":40}},"70":{"start":{"line":140,"column":0},"end":{"line":146,"column":2}},"71":{"start":{"line":141,"column":19},"end":{"line":141,"column":36}},"72":{"start":{"line":142,"column":2},"end":{"line":142,"column":24}},"73":{"start":{"line":143,"column":21},"end":{"line":145,"column":4}},"74":{"start":{"line":144,"column":4},"end":{"line":144,"column":41}}},"fnMap":{"0":{"name":"(anonymous_0)","decl":{"start":{"line":11,"column":22},"end":{"line":11,"column":23}},"loc":{"start":{"line":11,"column":48},"end":{"line":29,"column":1}},"line":11},"1":{"name":"(anonymous_1)","decl":{"start":{"line":33,"column":21},"end":{"line":33,"column":22}},"loc":{"start":{"line":33,"column":47},"end":{"line":91,"column":1}},"line":33},"2":{"name":"(anonymous_2)","decl":{"start":{"line":93,"column":20},"end":{"line":93,"column":21}},"loc":{"start":{"line":93,"column":46},"end":{"line":138,"column":1}},"line":93},"3":{"name":"(anonymous_3)","decl":{"start":{"line":140,"column":25},"end":{"line":140,"column":26}},"loc":{"start":{"line":140,"column":51},"end":{"line":146,"column":1}},"line":140},"4":{"name":"(anonymous_4)","decl":{"start":{"line":143,"column":50},"end":{"line":143,"column":51}},"loc":{"start":{"line":143,"column":64},"end":{"line":145,"column":3}},"line":143}},"branchMap":{"0":{"loc":{"start":{"line":15,"column":4},"end":{"line":24,"column":5}},"type":"if","locations":[{"start":{"line":15,"column":4},"end":{"line":24,"column":5}},{"start":{"line":22,"column":11},"end":{"line":24,"column":5}}],"line":15},"1":{"loc":{"start":{"line":47,"column":2},"end":{"line":50,"column":3}},"type":"if","locations":[{"start":{"line":47,"column":2},"end":{"line":50,"column":3}},{"start":{},"end":{}}],"line":47},"2":{"loc":{"start":{"line":51,"column":2},"end":{"line":90,"column":3}},"type":"if","locations":[{"start":{"line":51,"column":2},"end":{"line":90,"column":3}},{"start":{"line":88,"column":9},"end":{"line":90,"column":3}}],"line":51},"3":{"loc":{"start":{"line":55,"column":6},"end":{"line":57,"column":17}},"type":"cond-expr","locations":[{"start":{"line":56,"column":10},"end":{"line":56,"column":38}},{"start":{"line":57,"column":10},"end":{"line":57,"column":17}}],"line":55},"4":{"loc":{"start":{"line":55,"column":6},"end":{"line":55,"column":40}},"type":"binary-expr","locations":[{"start":{"line":55,"column":6},"end":{"line":55,"column":18}},{"start":{"line":55,"column":22},"end":{"line":55,"column":40}}],"line":55},"5":{"loc":{"start":{"line":64,"column":6},"end":{"line":83,"column":7}},"type":"if","locations":[{"start":{"line":64,"column":6},"end":{"line":83,"column":7}},{"start":{"line":66,"column":13},"end":{"line":83,"column":7}}],"line":64},"6":{"loc":{"start":{"line":107,"column":2},"end":{"line":110,"column":3}},"type":"if","locations":[{"start":{"line":107,"column":2},"end":{"line":110,"column":3}},{"start":{},"end":{}}],"line":107},"7":{"loc":{"start":{"line":111,"column":2},"end":{"line":137,"column":3}},"type":"if","locations":[{"start":{"line":111,"column":2},"end":{"line":137,"column":3}},{"start":{"line":135,"column":9},"end":{"line":137,"column":3}}],"line":111},"8":{"loc":{"start":{"line":114,"column":6},"end":{"line":130,"column":7}},"type":"if","locations":[{"start":{"line":114,"column":6},"end":{"line":130,"column":7}},{"start":{"line":116,"column":13},"end":{"line":130,"column":7}}],"line":114}},"s":{"0":1,"1":1,"2":1,"3":1,"4":1,"5":1,"6":1,"7":1,"8":1,"9":1,"10":0,"11":0,"12":0,"13":0,"14":0,"15":0,"16":0,"17":0,"18":0,"19":1,"20":1,"21":0,"22":0,"23":0,"24":0,"25":0,"26":0,"27":0,"28":0,"29":0,"30":0,"31":0,"32":0,"33":0,"34":0,"35":0,"36":0,"37":0,"38":0,"39":0,"40":0,"41":0,"42":0,"43":0,"44":0,"45":0,"46":0,"47":0,"48":1,"49":0,"50":0,"51":0,"52":0,"53":0,"54":0,"55":0,"56":0,"57":0,"58":0,"59":0,"60":0,"61":0,"62":0,"63":0,"64":0,"65":0,"66":0,"67":0,"68":0,"69":0,"70":1,"71":0,"72":0,"73":0,"74":0},"f":{"0":0,"1":0,"2":0,"3":0,"4":0},"b":{"0":[0,0],"1":[0,0],"2":[0,0],"3":[0,0],"4":[0,0],"5":[0,0],"6":[0,0],"7":[0,0],"8":[0,0]},"_coverageSchema":"1a1c01bbd47fc00a2c39e90264f33305004495a9","hash":"556d6e0a1c849e47752c32886f7494962906363b"}
,"C:\\Users\\IFECHUKWU\\Desktop\\URL SHORTENER\\middlewares\\passport.js": {"path":"C:\\Users\\IFECHUKWU\\Desktop\\URL SHORTENER\\middlewares\\passport.js","statementMap":{"0":{"start":{"line":1,"column":17},"end":{"line":1,"column":36}},"1":{"start":{"line":2,"column":22},"end":{"line":2,"column":56}},"2":{"start":{"line":3,"column":13},"end":{"line":3,"column":45}},"3":{"start":{"line":5,"column":0},"end":{"line":31,"column":2}},"4":{"start":{"line":13,"column":6},"end":{"line":28,"column":7}},"5":{"start":{"line":14,"column":21},"end":{"line":14,"column":31}},"6":{"start":{"line":16,"column":22},"end":{"line":16,"column":68}},"7":{"start":{"line":18,"column":29},"end":{"line":18,"column":67}},"8":{"start":{"line":20,"column":8},"end":{"line":22,"column":9}},"9":{"start":{"line":21,"column":10},"end":{"line":21,"column":71}},"10":{"start":{"line":25,"column":8},"end":{"line":25,"column":26}},"11":{"start":{"line":27,"column":8},"end":{"line":27,"column":20}},"12":{"start":{"line":34,"column":0},"end":{"line":36,"column":3}},"13":{"start":{"line":35,"column":2},"end":{"line":35,"column":22}},"14":{"start":{"line":39,"column":0},"end":{"line":47,"column":3}},"15":{"start":{"line":40,"column":2},"end":{"line":46,"column":3}},"16":{"start":{"line":42,"column":17},"end":{"line":42,"column":40}},"17":{"start":{"line":43,"column":4},"end":{"line":43,"column":21}},"18":{"start":{"line":45,"column":4},"end":{"line":45,"column":16}},"19":{"start":{"line":49,"column":0},"end":{"line":49,"column":26}}},"fnMap":{"0":{"name":"(anonymous_0)","decl":{"start":{"line":12,"column":4},"end":{"line":12,"column":5}},"loc":{"start":{"line":12,"column":37},"end":{"line":29,"column":5}},"line":12},"1":{"name":"(anonymous_1)","decl":{"start":{"line":34,"column":23},"end":{"line":34,"column":24}},"loc":{"start":{"line":34,"column":39},"end":{"line":36,"column":1}},"line":34},"2":{"name":"(anonymous_2)","decl":{"start":{"line":39,"column":25},"end":{"line":39,"column":26}},"loc":{"start":{"line":39,"column":45},"end":{"line":47,"column":1}},"line":39}},"branchMap":{"0":{"loc":{"start":{"line":20,"column":8},"end":{"line":22,"column":9}},"type":"if","locations":[{"start":{"line":20,"column":8},"end":{"line":22,"column":9}},{"start":{},"end":{}}],"line":20},"1":{"loc":{"start":{"line":20,"column":12},"end":{"line":20,"column":35}},"type":"binary-expr","locations":[{"start":{"line":20,"column":12},"end":{"line":20,"column":18}},{"start":{"line":20,"column":22},"end":{"line":20,"column":35}}],"line":20}},"s":{"0":1,"1":1,"2":1,"3":1,"4":0,"5":0,"6":0,"7":0,"8":0,"9":0,"10":0,"11":0,"12":1,"13":0,"14":1,"15":0,"16":0,"17":0,"18":0,"19":1},"f":{"0":0,"1":0,"2":0},"b":{"0":[0,0],"1":[0,0]},"_coverageSchema":"1a1c01bbd47fc00a2c39e90264f33305004495a9","hash":"abe768339905f3bf8437b2e7d488f976c3c4520f"}
,"C:\\Users\\IFECHUKWU\\Desktop\\URL SHORTENER\\model\\authModel.js": {"path":"C:\\Users\\IFECHUKWU\\Desktop\\URL SHORTENER\\model\\authModel.js","statementMap":{"0":{"start":{"line":1,"column":17},"end":{"line":1,"column":36}},"1":{"start":{"line":2,"column":15},"end":{"line":2,"column":32}},"2":{"start":{"line":3,"column":18},"end":{"line":3,"column":38}},"3":{"start":{"line":4,"column":15},"end":{"line":4,"column":32}},"4":{"start":{"line":6,"column":19},"end":{"line":54,"column":2}},"5":{"start":{"line":37,"column":8},"end":{"line":37,"column":37}},"6":{"start":{"line":57,"column":0},"end":{"line":66,"column":3}},"7":{"start":{"line":58,"column":2},"end":{"line":58,"column":50}},"8":{"start":{"line":58,"column":36},"end":{"line":58,"column":50}},"9":{"start":{"line":60,"column":25},"end":{"line":60,"column":61}},"10":{"start":{"line":62,"column":2},"end":{"line":62,"column":33}},"11":{"start":{"line":64,"column":2},"end":{"line":64,"column":35}},"12":{"start":{"line":65,"column":2},"end":{"line":65,"column":9}},"13":{"start":{"line":69,"column":0},"end":{"line":73,"column":3}},"14":{"start":{"line":70,"column":2},"end":{"line":70,"column":64}},"15":{"start":{"line":70,"column":50},"end":{"line":70,"column":64}},"16":{"start":{"line":71,"column":2},"end":{"line":71,"column":46}},"17":{"start":{"line":72,"column":2},"end":{"line":72,"column":9}},"18":{"start":{"line":76,"column":0},"end":{"line":78,"column":2}},"19":{"start":{"line":77,"column":2},"end":{"line":77,"column":63}},"20":{"start":{"line":81,"column":0},"end":{"line":85,"column":2}},"21":{"start":{"line":82,"column":2},"end":{"line":82,"column":45}},"22":{"start":{"line":82,"column":32},"end":{"line":82,"column":45}},"23":{"start":{"line":83,"column":21},"end":{"line":83,"column":59}},"24":{"start":{"line":84,"column":2},"end":{"line":84,"column":66}},"25":{"start":{"line":88,"column":0},"end":{"line":94,"column":2}},"26":{"start":{"line":89,"column":16},"end":{"line":89,"column":54}},"27":{"start":{"line":90,"column":22},"end":{"line":90,"column":77}},"28":{"start":{"line":91,"column":2},"end":{"line":91,"column":40}},"29":{"start":{"line":92,"column":2},"end":{"line":92,"column":66}},"30":{"start":{"line":93,"column":2},"end":{"line":93,"column":15}},"31":{"start":{"line":96,"column":13},"end":{"line":96,"column":51}},"32":{"start":{"line":98,"column":0},"end":{"line":98,"column":22}}},"fnMap":{"0":{"name":"(anonymous_0)","decl":{"start":{"line":36,"column":17},"end":{"line":36,"column":18}},"loc":{"start":{"line":36,"column":32},"end":{"line":38,"column":7}},"line":36},"1":{"name":"(anonymous_1)","decl":{"start":{"line":57,"column":23},"end":{"line":57,"column":24}},"loc":{"start":{"line":57,"column":45},"end":{"line":66,"column":1}},"line":57},"2":{"name":"(anonymous_2)","decl":{"start":{"line":69,"column":23},"end":{"line":69,"column":24}},"loc":{"start":{"line":69,"column":45},"end":{"line":73,"column":1}},"line":69},"3":{"name":"(anonymous_3)","decl":{"start":{"line":76,"column":39},"end":{"line":76,"column":40}},"loc":{"start":{"line":76,"column":73},"end":{"line":78,"column":1}},"line":76},"4":{"name":"(anonymous_4)","decl":{"start":{"line":81,"column":38},"end":{"line":81,"column":39}},"loc":{"start":{"line":81,"column":57},"end":{"line":85,"column":1}},"line":81},"5":{"name":"(anonymous_5)","decl":{"start":{"line":88,"column":35},"end":{"line":88,"column":36}},"loc":{"start":{"line":88,"column":47},"end":{"line":94,"column":1}},"line":88}},"branchMap":{"0":{"loc":{"start":{"line":58,"column":2},"end":{"line":58,"column":50}},"type":"if","locations":[{"start":{"line":58,"column":2},"end":{"line":58,"column":50}},{"start":{},"end":{}}],"line":58},"1":{"loc":{"start":{"line":70,"column":2},"end":{"line":70,"column":64}},"type":"if","locations":[{"start":{"line":70,"column":2},"end":{"line":70,"column":64}},{"start":{},"end":{}}],"line":70},"2":{"loc":{"start":{"line":70,"column":6},"end":{"line":70,"column":48}},"type":"binary-expr","locations":[{"start":{"line":70,"column":6},"end":{"line":70,"column":34}},{"start":{"line":70,"column":38},"end":{"line":70,"column":48}}],"line":70},"3":{"loc":{"start":{"line":82,"column":2},"end":{"line":82,"column":45}},"type":"if","locations":[{"start":{"line":82,"column":2},"end":{"line":82,"column":45}},{"start":{},"end":{}}],"line":82}},"s":{"0":1,"1":1,"2":1,"3":1,"4":1,"5":1,"6":1,"7":1,"8":0,"9":1,"10":1,"11":1,"12":1,"13":1,"14":1,"15":1,"16":0,"17":0,"18":1,"19":1,"20":1,"21":0,"22":0,"23":0,"24":0,"25":1,"26":0,"27":0,"28":0,"29":0,"30":0,"31":1,"32":1},"f":{"0":1,"1":1,"2":1,"3":1,"4":0,"5":0},"b":{"0":[0,1],"1":[1,0],"2":[1,1],"3":[0,0]},"_coverageSchema":"1a1c01bbd47fc00a2c39e90264f33305004495a9","hash":"fdcce9e3d3c8df4f9874366533be32f597b22e03"}
,"C:\\Users\\IFECHUKWU\\Desktop\\URL SHORTENER\\model\\userUrl.js": {"path":"C:\\Users\\IFECHUKWU\\Desktop\\URL SHORTENER\\model\\userUrl.js","statementMap":{"0":{"start":{"line":1,"column":17},"end":{"line":1,"column":36}},"1":{"start":{"line":2,"column":17},"end":{"line":2,"column":47}},"2":{"start":{"line":3,"column":22},"end":{"line":15,"column":2}},"3":{"start":{"line":17,"column":16},"end":{"line":17,"column":56}},"4":{"start":{"line":19,"column":0},"end":{"line":19,"column":25}}},"fnMap":{},"branchMap":{},"s":{"0":1,"1":1,"2":1,"3":1,"4":1},"f":{},"b":{},"_coverageSchema":"1a1c01bbd47fc00a2c39e90264f33305004495a9","hash":"cbd0685db5578b50fdb889258771fe2f06d00552"}
,"C:\\Users\\IFECHUKWU\\Desktop\\URL SHORTENER\\route\\authRoute.js": {"path":"C:\\Users\\IFECHUKWU\\Desktop\\URL SHORTENER\\route\\authRoute.js","statementMap":{"0":{"start":{"line":1,"column":16},"end":{"line":1,"column":34}},"1":{"start":{"line":2,"column":35},"end":{"line":2,"column":74}},"2":{"start":{"line":3,"column":15},"end":{"line":3,"column":31}},"3":{"start":{"line":5,"column":0},"end":{"line":5,"column":35}},"4":{"start":{"line":6,"column":0},"end":{"line":6,"column":34}},"5":{"start":{"line":8,"column":0},"end":{"line":8,"column":24}}},"fnMap":{},"branchMap":{},"s":{"0":1,"1":1,"2":1,"3":1,"4":1,"5":1},"f":{},"b":{},"_coverageSchema":"1a1c01bbd47fc00a2c39e90264f33305004495a9","hash":"b8b90cac15289fb43d2b16cee2f6bb310dabc88e"}
,"C:\\Users\\IFECHUKWU\\Desktop\\URL SHORTENER\\route\\url.js": {"path":"C:\\Users\\IFECHUKWU\\Desktop\\URL SHORTENER\\route\\url.js","statementMap":{"0":{"start":{"line":1,"column":16},"end":{"line":1,"column":34}},"1":{"start":{"line":2,"column":15},"end":{"line":2,"column":32}},"2":{"start":{"line":3,"column":17},"end":{"line":3,"column":36}},"3":{"start":{"line":9,"column":4},"end":{"line":9,"column":45}},"4":{"start":{"line":10,"column":0},"end":{"line":10,"column":16}},"5":{"start":{"line":11,"column":15},"end":{"line":11,"column":31}},"6":{"start":{"line":14,"column":0},"end":{"line":14,"column":34}},"7":{"start":{"line":15,"column":0},"end":{"line":15,"column":38}},"8":{"start":{"line":16,"column":0},"end":{"line":16,"column":35}},"9":{"start":{"line":17,"column":0},"end":{"line":17,"column":39}},"10":{"start":{"line":19,"column":0},"end":{"line":19,"column":24}}},"fnMap":{},"branchMap":{},"s":{"0":1,"1":1,"2":1,"3":1,"4":1,"5":1,"6":1,"7":1,"8":1,"9":1,"10":1},"f":{},"b":{},"_coverageSchema":"1a1c01bbd47fc00a2c39e90264f33305004495a9","hash":"50b0cca55e9a44f835d10c422b1089bfa77d1ced"}
,"C:\\Users\\IFECHUKWU\\Desktop\\URL SHORTENER\\utils\\genToken.js": {"path":"C:\\Users\\IFECHUKWU\\Desktop\\URL SHORTENER\\utils\\genToken.js","statementMap":{"0":{"start":{"line":1,"column":12},"end":{"line":1,"column":35}},"1":{"start":{"line":4,"column":18},"end":{"line":4,"column":26}},"2":{"start":{"line":5,"column":16},"end":{"line":8,"column":4}},"3":{"start":{"line":9,"column":2},"end":{"line":9,"column":15}},"4":{"start":{"line":12,"column":0},"end":{"line":12,"column":26}}},"fnMap":{"0":{"name":"genToken","decl":{"start":{"line":3,"column":9},"end":{"line":3,"column":17}},"loc":{"start":{"line":3,"column":24},"end":{"line":10,"column":1}},"line":3}},"branchMap":{},"s":{"0":1,"1":2,"2":2,"3":2,"4":1},"f":{"0":2},"b":{},"_coverageSchema":"1a1c01bbd47fc00a2c39e90264f33305004495a9","hash":"ff7f4af97270ba6aa80a04364a8527486fe90820"}
,"C:\\Users\\IFECHUKWU\\Desktop\\URL SHORTENER\\utils\\utils.js": {"path":"C:\\Users\\IFECHUKWU\\Desktop\\URL SHORTENER\\utils\\utils.js","statementMap":{"0":{"start":{"line":1,"column":14},"end":{"line":1,"column":30}},"1":{"start":{"line":3,"column":2},"end":{"line":21,"column":3}},"2":{"start":{"line":4,"column":21},"end":{"line":4,"column":41}},"3":{"start":{"line":6,"column":4},"end":{"line":10,"column":5}},"4":{"start":{"line":7,"column":6},"end":{"line":7,"column":18}},"5":{"start":{"line":9,"column":6},"end":{"line":9,"column":19}},"6":{"start":{"line":12,"column":4},"end":{"line":20,"column":5}},"7":{"start":{"line":14,"column":6},"end":{"line":16,"column":7}},"8":{"start":{"line":15,"column":8},"end":{"line":15,"column":75}},"9":{"start":{"line":19,"column":6},"end":{"line":19,"column":66}},"10":{"start":{"line":24,"column":0},"end":{"line":24,"column":29}}},"fnMap":{"0":{"name":"validateUrl","decl":{"start":{"line":2,"column":15},"end":{"line":2,"column":26}},"loc":{"start":{"line":2,"column":32},"end":{"line":22,"column":1}},"line":2}},"branchMap":{"0":{"loc":{"start":{"line":6,"column":4},"end":{"line":10,"column":5}},"type":"if","locations":[{"start":{"line":6,"column":4},"end":{"line":10,"column":5}},{"start":{"line":8,"column":11},"end":{"line":10,"column":5}}],"line":6},"1":{"loc":{"start":{"line":6,"column":8},"end":{"line":6,"column":55}},"type":"binary-expr","locations":[{"start":{"line":6,"column":8},"end":{"line":6,"column":30}},{"start":{"line":6,"column":34},"end":{"line":6,"column":55}}],"line":6},"2":{"loc":{"start":{"line":12,"column":4},"end":{"line":20,"column":5}},"type":"if","locations":[{"start":{"line":12,"column":4},"end":{"line":20,"column":5}},{"start":{"line":17,"column":11},"end":{"line":20,"column":5}}],"line":12},"3":{"loc":{"start":{"line":14,"column":6},"end":{"line":16,"column":7}},"type":"if","locations":[{"start":{"line":14,"column":6},"end":{"line":16,"column":7}},{"start":{},"end":{}}],"line":14}},"s":{"0":1,"1":0,"2":0,"3":0,"4":0,"5":0,"6":0,"7":0,"8":0,"9":0,"10":1},"f":{"0":0},"b":{"0":[0,0],"1":[0,0],"2":[0,0],"3":[0,0]},"_coverageSchema":"1a1c01bbd47fc00a2c39e90264f33305004495a9","hash":"3cd9837ef8e7e707d2ab96756e3b56b59af41c09"}
}
