{"C:\\Users\\IFECHUKWU\\Desktop\\URL SHORTENER\\app.js": {"path":"C:\\Users\\IFECHUKWU\\Desktop\\URL SHORTENER\\app.js","statementMap":{"0":{"start":{"line":1,"column":16},"end":{"line":1,"column":34}},"1":{"start":{"line":2,"column":21},"end":{"line":2,"column":45}},"2":{"start":{"line":3,"column":17},"end":{"line":3,"column":36}},"3":{"start":{"line":4,"column":16},"end":{"line":4,"column":42}},"4":{"start":{"line":5,"column":15},"end":{"line":5,"column":32}},"5":{"start":{"line":6,"column":30},"end":{"line":6,"column":64}},"6":{"start":{"line":7,"column":12},"end":{"line":7,"column":26}},"7":{"start":{"line":8,"column":18},"end":{"line":8,"column":47}},"8":{"start":{"line":10,"column":18},"end":{"line":10,"column":46}},"9":{"start":{"line":11,"column":18},"end":{"line":11,"column":40}},"10":{"start":{"line":13,"column":19},"end":{"line":13,"column":55}},"11":{"start":{"line":14,"column":0},"end":{"line":14,"column":16}},"12":{"start":{"line":15,"column":12},"end":{"line":15,"column":21}},"13":{"start":{"line":16,"column":21},"end":{"line":16,"column":51}},"14":{"start":{"line":18,"column":23},"end":{"line":18,"column":49}},"15":{"start":{"line":19,"column":31},"end":{"line":19,"column":65}},"16":{"start":{"line":20,"column":21},"end":{"line":20,"column":45}},"17":{"start":{"line":22,"column":0},"end":{"line":22,"column":30}},"18":{"start":{"line":24,"column":14},"end":{"line":27,"column":2}},"19":{"start":{"line":29,"column":0},"end":{"line":31,"column":3}},"20":{"start":{"line":30,"column":2},"end":{"line":30,"column":21}},"21":{"start":{"line":34,"column":18},"end":{"line":44,"column":2}},"22":{"start":{"line":47,"column":0},"end":{"line":47,"column":24}},"23":{"start":{"line":48,"column":0},"end":{"line":48,"column":19}},"24":{"start":{"line":49,"column":0},"end":{"line":49,"column":24}},"25":{"start":{"line":50,"column":0},"end":{"line":50,"column":49}},"26":{"start":{"line":51,"column":0},"end":{"line":51,"column":31}},"27":{"start":{"line":52,"column":0},"end":{"line":52,"column":11}},"28":{"start":{"line":54,"column":19},"end":{"line":58,"column":2}},"29":{"start":{"line":59,"column":0},"end":{"line":59,"column":25}},"30":{"start":{"line":61,"column":0},"end":{"line":63,"column":3}},"31":{"start":{"line":62,"column":2},"end":{"line":62,"column":22}},"32":{"start":{"line":64,"column":0},"end":{"line":66,"column":3}},"33":{"start":{"line":65,"column":2},"end":{"line":65,"column":22}},"34":{"start":{"line":67,"column":0},"end":{"line":69,"column":3}},"35":{"start":{"line":68,"column":2},"end":{"line":68,"column":21}},"36":{"start":{"line":70,"column":0},"end":{"line":72,"column":3}},"37":{"start":{"line":71,"column":2},"end":{"line":71,"column":19}},"38":{"start":{"line":73,"column":0},"end":{"line":75,"column":3}},"39":{"start":{"line":74,"column":2},"end":{"line":74,"column":26}},"40":{"start":{"line":77,"column":0},"end":{"line":77,"column":24}},"41":{"start":{"line":78,"column":0},"end":{"line":78,"column":24}},"42":{"start":{"line":82,"column":0},"end":{"line":89,"column":3}},"43":{"start":{"line":83,"column":21},"end":{"line":83,"column":42}},"44":{"start":{"line":84,"column":18},"end":{"line":84,"column":72}},"45":{"start":{"line":85,"column":2},"end":{"line":88,"column":5}},"46":{"start":{"line":91,"column":0},"end":{"line":91,"column":21}}},"fnMap":{"0":{"name":"(anonymous_0)","decl":{"start":{"line":29,"column":18},"end":{"line":29,"column":19}},"loc":{"start":{"line":29,"column":29},"end":{"line":31,"column":1}},"line":29},"1":{"name":"(anonymous_1)","decl":{"start":{"line":61,"column":20},"end":{"line":61,"column":21}},"loc":{"start":{"line":61,"column":34},"end":{"line":63,"column":1}},"line":61},"2":{"name":"(anonymous_2)","decl":{"start":{"line":64,"column":13},"end":{"line":64,"column":14}},"loc":{"start":{"line":64,"column":33},"end":{"line":66,"column":1}},"line":64},"3":{"name":"(anonymous_3)","decl":{"start":{"line":67,"column":19},"end":{"line":67,"column":20}},"loc":{"start":{"line":67,"column":39},"end":{"line":69,"column":1}},"line":67},"4":{"name":"(anonymous_4)","decl":{"start":{"line":70,"column":18},"end":{"line":70,"column":19}},"loc":{"start":{"line":70,"column":38},"end":{"line":72,"column":1}},"line":70},"5":{"name":"(anonymous_5)","decl":{"start":{"line":73,"column":23},"end":{"line":73,"column":24}},"loc":{"start":{"line":73,"column":43},"end":{"line":75,"column":1}},"line":73},"6":{"name":"(anonymous_6)","decl":{"start":{"line":82,"column":8},"end":{"line":82,"column":9}},"loc":{"start":{"line":82,"column":33},"end":{"line":89,"column":1}},"line":82}},"branchMap":{"0":{"loc":{"start":{"line":83,"column":21},"end":{"line":83,"column":42}},"type":"binary-expr","locations":[{"start":{"line":83,"column":21},"end":{"line":83,"column":35}},{"start":{"line":83,"column":39},"end":{"line":83,"column":42}}],"line":83},"1":{"loc":{"start":{"line":84,"column":18},"end":{"line":84,"column":72}},"type":"binary-expr","locations":[{"start":{"line":84,"column":18},"end":{"line":84,"column":29}},{"start":{"line":84,"column":33},"end":{"line":84,"column":72}}],"line":84}},"s":{"0":2,"1":2,"2":2,"3":2,"4":2,"5":2,"6":2,"7":2,"8":2,"9":2,"10":2,"11":2,"12":2,"13":2,"14":2,"15":2,"16":2,"17":2,"18":2,"19":2,"20":0,"21":2,"22":2,"23":2,"24":2,"25":2,"26":2,"27":2,"28":2,"29":2,"30":2,"31":1,"32":2,"33":0,"34":2,"35":0,"36":2,"37":0,"38":2,"39":0,"40":2,"41":2,"42":2,"43":0,"44":0,"45":0,"46":2},"f":{"0":0,"1":1,"2":0,"3":0,"4":0,"5":0,"6":0},"b":{"0":[0,0],"1":[0,0]},"_coverageSchema":"1a1c01bbd47fc00a2c39e90264f33305004495a9","hash":"e6bf0b86b0c8dabddc73ec4bbac9080f2f381c7f"}
,"C:\\Users\\IFECHUKWU\\Desktop\\URL SHORTENER\\controller\\authController.js": {"path":"C:\\Users\\IFECHUKWU\\Desktop\\URL SHORTENER\\controller\\authController.js","statementMap":{"0":{"start":{"line":1,"column":13},"end":{"line":1,"column":45}},"1":{"start":{"line":2,"column":15},"end":{"line":2,"column":32}},"2":{"start":{"line":3,"column":0},"end":{"line":3,"column":16}},"3":{"start":{"line":4,"column":17},"end":{"line":4,"column":48}},"4":{"start":{"line":6,"column":0},"end":{"line":39,"column":2}},"5":{"start":{"line":7,"column":2},"end":{"line":38,"column":3}},"6":{"start":{"line":8,"column":70},"end":{"line":8,"column":78}},"7":{"start":{"line":9,"column":17},"end":{"line":15,"column":6}},"8":{"start":{"line":16,"column":4},"end":{"line":16,"column":30}},"9":{"start":{"line":17,"column":4},"end":{"line":17,"column":37}},"10":{"start":{"line":18,"column":4},"end":{"line":18,"column":25}},"11":{"start":{"line":19,"column":18},"end":{"line":19,"column":32}},"12":{"start":{"line":21,"column":23},"end":{"line":21,"column":48}},"13":{"start":{"line":23,"column":4},"end":{"line":35,"column":5}},"14":{"start":{"line":25,"column":6},"end":{"line":31,"column":9}},"15":{"start":{"line":34,"column":6},"end":{"line":34,"column":74}},"16":{"start":{"line":37,"column":4},"end":{"line":37,"column":16}},"17":{"start":{"line":41,"column":0},"end":{"line":77,"column":2}},"18":{"start":{"line":42,"column":2},"end":{"line":76,"column":3}},"19":{"start":{"line":43,"column":32},"end":{"line":43,"column":40}},"20":{"start":{"line":45,"column":4},"end":{"line":46,"column":78}},"21":{"start":{"line":46,"column":6},"end":{"line":46,"column":78}},"22":{"start":{"line":48,"column":17},"end":{"line":48,"column":66}},"23":{"start":{"line":50,"column":4},"end":{"line":53,"column":8}},"24":{"start":{"line":51,"column":6},"end":{"line":53,"column":8}},"25":{"start":{"line":55,"column":4},"end":{"line":55,"column":30}},"26":{"start":{"line":56,"column":4},"end":{"line":56,"column":25}},"27":{"start":{"line":57,"column":18},"end":{"line":57,"column":32}},"28":{"start":{"line":59,"column":23},"end":{"line":59,"column":53}},"29":{"start":{"line":61,"column":4},"end":{"line":73,"column":5}},"30":{"start":{"line":63,"column":6},"end":{"line":69,"column":9}},"31":{"start":{"line":72,"column":6},"end":{"line":72,"column":72}},"32":{"start":{"line":75,"column":4},"end":{"line":75,"column":16}}},"fnMap":{"0":{"name":"(anonymous_0)","decl":{"start":{"line":6,"column":21},"end":{"line":6,"column":22}},"loc":{"start":{"line":6,"column":47},"end":{"line":39,"column":1}},"line":6},"1":{"name":"(anonymous_1)","decl":{"start":{"line":41,"column":21},"end":{"line":41,"column":22}},"loc":{"start":{"line":41,"column":47},"end":{"line":77,"column":1}},"line":41}},"branchMap":{"0":{"loc":{"start":{"line":21,"column":23},"end":{"line":21,"column":48}},"type":"binary-expr","locations":[{"start":{"line":21,"column":23},"end":{"line":21,"column":41}},{"start":{"line":21,"column":45},"end":{"line":21,"column":48}}],"line":21},"1":{"loc":{"start":{"line":23,"column":4},"end":{"line":35,"column":5}},"type":"if","locations":[{"start":{"line":23,"column":4},"end":{"line":35,"column":5}},{"start":{"line":32,"column":11},"end":{"line":35,"column":5}}],"line":23},"2":{"loc":{"start":{"line":23,"column":8},"end":{"line":23,"column":77}},"type":"binary-expr","locations":[{"start":{"line":23,"column":8},"end":{"line":23,"column":26}},{"start":{"line":23,"column":30},"end":{"line":23,"column":77}}],"line":23},"3":{"loc":{"start":{"line":45,"column":4},"end":{"line":46,"column":78}},"type":"if","locations":[{"start":{"line":45,"column":4},"end":{"line":46,"column":78}},{"start":{},"end":{}}],"line":45},"4":{"loc":{"start":{"line":45,"column":8},"end":{"line":45,"column":27}},"type":"binary-expr","locations":[{"start":{"line":45,"column":8},"end":{"line":45,"column":14}},{"start":{"line":45,"column":18},"end":{"line":45,"column":27}}],"line":45},"5":{"loc":{"start":{"line":50,"column":4},"end":{"line":53,"column":8}},"type":"if","locations":[{"start":{"line":50,"column":4},"end":{"line":53,"column":8}},{"start":{},"end":{}}],"line":50},"6":{"loc":{"start":{"line":50,"column":8},"end":{"line":50,"column":58}},"type":"binary-expr","locations":[{"start":{"line":50,"column":8},"end":{"line":50,"column":13}},{"start":{"line":50,"column":17},"end":{"line":50,"column":58}}],"line":50},"7":{"loc":{"start":{"line":59,"column":23},"end":{"line":59,"column":53}},"type":"binary-expr","locations":[{"start":{"line":59,"column":23},"end":{"line":59,"column":41}},{"start":{"line":59,"column":45},"end":{"line":59,"column":53}}],"line":59},"8":{"loc":{"start":{"line":61,"column":4},"end":{"line":73,"column":5}},"type":"if","locations":[{"start":{"line":61,"column":4},"end":{"line":73,"column":5}},{"start":{"line":70,"column":11},"end":{"line":73,"column":5}}],"line":61},"9":{"loc":{"start":{"line":61,"column":8},"end":{"line":61,"column":77}},"type":"binary-expr","locations":[{"start":{"line":61,"column":8},"end":{"line":61,"column":26}},{"start":{"line":61,"column":30},"end":{"line":61,"column":77}}],"line":61}},"s":{"0":2,"1":2,"2":2,"3":2,"4":2,"5":1,"6":1,"7":1,"8":1,"9":1,"10":1,"11":1,"12":1,"13":1,"14":0,"15":1,"16":0,"17":2,"18":1,"19":1,"20":1,"21":0,"22":1,"23":1,"24":0,"25":1,"26":1,"27":1,"28":1,"29":1,"30":0,"31":1,"32":0},"f":{"0":1,"1":1},"b":{"0":[1,1],"1":[0,1],"2":[1,0],"3":[0,1],"4":[1,1],"5":[0,1],"6":[1,1],"7":[1,1],"8":[0,1],"9":[1,0]},"_coverageSchema":"1a1c01bbd47fc00a2c39e90264f33305004495a9","hash":"7150b1e4299f2cb8229f373a2a3179aa501e2d40"}
,"C:\\Users\\IFECHUKWU\\Desktop\\URL SHORTENER\\controller\\urlController.js": {"path":"C:\\Users\\IFECHUKWU\\Desktop\\URL SHORTENER\\controller\\urlController.js","statementMap":{"0":{"start":{"line":1,"column":12},"end":{"line":1,"column":35}},"1":{"start":{"line":2,"column":15},"end":{"line":2,"column":32}},"2":{"start":{"line":3,"column":16},"end":{"line":3,"column":46}},"3":{"start":{"line":4,"column":13},"end":{"line":4,"column":28}},"4":{"start":{"line":5,"column":24},"end":{"line":5,"column":52}},"5":{"start":{"line":6,"column":11},"end":{"line":6,"column":28}},"6":{"start":{"line":7,"column":15},"end":{"line":7,"column":32}},"7":{"start":{"line":8,"column":13},"end":{"line":8,"column":45}},"8":{"start":{"line":9,"column":0},"end":{"line":9,"column":16}},"9":{"start":{"line":11,"column":0},"end":{"line":29,"column":2}},"10":{"start":{"line":12,"column":2},"end":{"line":28,"column":3}},"11":{"start":{"line":13,"column":14},"end":{"line":13,"column":64}},"12":{"start":{"line":14,"column":4},"end":{"line":14,"column":21}},"13":{"start":{"line":15,"column":4},"end":{"line":24,"column":5}},"14":{"start":{"line":16,"column":6},"end":{"line":19,"column":8}},"15":{"start":{"line":21,"column":6},"end":{"line":21,"column":51}},"16":{"start":{"line":23,"column":6},"end":{"line":23,"column":44}},"17":{"start":{"line":26,"column":4},"end":{"line":26,"column":21}},"18":{"start":{"line":27,"column":4},"end":{"line":27,"column":46}},"19":{"start":{"line":31,"column":14},"end":{"line":31,"column":16}},"20":{"start":{"line":33,"column":0},"end":{"line":106,"column":2}},"21":{"start":{"line":34,"column":2},"end":{"line":105,"column":3}},"22":{"start":{"line":35,"column":20},"end":{"line":35,"column":40}},"23":{"start":{"line":36,"column":18},"end":{"line":36,"column":57}},"24":{"start":{"line":39,"column":20},"end":{"line":42,"column":5}},"25":{"start":{"line":45,"column":20},"end":{"line":45,"column":36}},"26":{"start":{"line":46,"column":4},"end":{"line":46,"column":25}},"27":{"start":{"line":49,"column":25},"end":{"line":49,"column":53}},"28":{"start":{"line":50,"column":4},"end":{"line":50,"column":30}},"29":{"start":{"line":52,"column":4},"end":{"line":55,"column":5}},"30":{"start":{"line":54,"column":6},"end":{"line":54,"column":58}},"31":{"start":{"line":57,"column":4},"end":{"line":101,"column":5}},"32":{"start":{"line":62,"column":8},"end":{"line":64,"column":19}},"33":{"start":{"line":67,"column":6},"end":{"line":67,"column":70}},"34":{"start":{"line":68,"column":20},"end":{"line":68,"column":36}},"35":{"start":{"line":70,"column":6},"end":{"line":70,"column":54}},"36":{"start":{"line":73,"column":16},"end":{"line":73,"column":50}},"37":{"start":{"line":74,"column":6},"end":{"line":97,"column":7}},"38":{"start":{"line":75,"column":8},"end":{"line":75,"column":46}},"39":{"start":{"line":77,"column":25},"end":{"line":77,"column":74}},"40":{"start":{"line":80,"column":19},"end":{"line":86,"column":10}},"41":{"start":{"line":89,"column":25},"end":{"line":89,"column":56}},"42":{"start":{"line":90,"column":24},"end":{"line":90,"column":47}},"43":{"start":{"line":93,"column":8},"end":{"line":93,"column":28}},"44":{"start":{"line":96,"column":8},"end":{"line":96,"column":58}},"45":{"start":{"line":100,"column":6},"end":{"line":100,"column":42}},"46":{"start":{"line":103,"column":4},"end":{"line":103,"column":21}},"47":{"start":{"line":104,"column":4},"end":{"line":104,"column":41}},"48":{"start":{"line":170,"column":0},"end":{"line":215,"column":2}},"49":{"start":{"line":172,"column":29},"end":{"line":172,"column":37}},"50":{"start":{"line":174,"column":16},"end":{"line":174,"column":33}},"51":{"start":{"line":176,"column":18},"end":{"line":179,"column":3}},"52":{"start":{"line":181,"column":18},"end":{"line":181,"column":34}},"53":{"start":{"line":182,"column":23},"end":{"line":182,"column":51}},"54":{"start":{"line":184,"column":2},"end":{"line":187,"column":3}},"55":{"start":{"line":186,"column":4},"end":{"line":186,"column":56}},"56":{"start":{"line":188,"column":2},"end":{"line":214,"column":3}},"57":{"start":{"line":189,"column":4},"end":{"line":211,"column":5}},"58":{"start":{"line":190,"column":16},"end":{"line":190,"column":48}},"59":{"start":{"line":191,"column":6},"end":{"line":207,"column":7}},"60":{"start":{"line":192,"column":8},"end":{"line":192,"column":45}},"61":{"start":{"line":194,"column":26},"end":{"line":194,"column":75}},"62":{"start":{"line":196,"column":21},"end":{"line":201,"column":10}},"63":{"start":{"line":202,"column":25},"end":{"line":202,"column":56}},"64":{"start":{"line":204,"column":8},"end":{"line":204,"column":28}},"65":{"start":{"line":205,"column":24},"end":{"line":205,"column":47}},"66":{"start":{"line":206,"column":8},"end":{"line":206,"column":58}},"67":{"start":{"line":209,"column":6},"end":{"line":209,"column":23}},"68":{"start":{"line":210,"column":6},"end":{"line":210,"column":48}},"69":{"start":{"line":213,"column":4},"end":{"line":213,"column":40}},"70":{"start":{"line":217,"column":0},"end":{"line":223,"column":2}},"71":{"start":{"line":218,"column":19},"end":{"line":218,"column":36}},"72":{"start":{"line":219,"column":2},"end":{"line":219,"column":24}},"73":{"start":{"line":220,"column":21},"end":{"line":222,"column":4}},"74":{"start":{"line":221,"column":4},"end":{"line":221,"column":41}}},"fnMap":{"0":{"name":"(anonymous_0)","decl":{"start":{"line":11,"column":22},"end":{"line":11,"column":23}},"loc":{"start":{"line":11,"column":48},"end":{"line":29,"column":1}},"line":11},"1":{"name":"(anonymous_1)","decl":{"start":{"line":33,"column":21},"end":{"line":33,"column":22}},"loc":{"start":{"line":33,"column":47},"end":{"line":106,"column":1}},"line":33},"2":{"name":"(anonymous_2)","decl":{"start":{"line":170,"column":20},"end":{"line":170,"column":21}},"loc":{"start":{"line":170,"column":46},"end":{"line":215,"column":1}},"line":170},"3":{"name":"(anonymous_3)","decl":{"start":{"line":217,"column":25},"end":{"line":217,"column":26}},"loc":{"start":{"line":217,"column":51},"end":{"line":223,"column":1}},"line":217},"4":{"name":"(anonymous_4)","decl":{"start":{"line":220,"column":50},"end":{"line":220,"column":51}},"loc":{"start":{"line":220,"column":64},"end":{"line":222,"column":3}},"line":220}},"branchMap":{"0":{"loc":{"start":{"line":15,"column":4},"end":{"line":24,"column":5}},"type":"if","locations":[{"start":{"line":15,"column":4},"end":{"line":24,"column":5}},{"start":{"line":22,"column":11},"end":{"line":24,"column":5}}],"line":15},"1":{"loc":{"start":{"line":36,"column":18},"end":{"line":36,"column":57}},"type":"binary-expr","locations":[{"start":{"line":36,"column":18},"end":{"line":36,"column":35}},{"start":{"line":36,"column":39},"end":{"line":36,"column":57}}],"line":36},"2":{"loc":{"start":{"line":52,"column":4},"end":{"line":55,"column":5}},"type":"if","locations":[{"start":{"line":52,"column":4},"end":{"line":55,"column":5}},{"start":{},"end":{}}],"line":52},"3":{"loc":{"start":{"line":57,"column":4},"end":{"line":101,"column":5}},"type":"if","locations":[{"start":{"line":57,"column":4},"end":{"line":101,"column":5}},{"start":{"line":98,"column":11},"end":{"line":101,"column":5}}],"line":57},"4":{"loc":{"start":{"line":62,"column":8},"end":{"line":64,"column":19}},"type":"cond-expr","locations":[{"start":{"line":63,"column":12},"end":{"line":63,"column":40}},{"start":{"line":64,"column":12},"end":{"line":64,"column":19}}],"line":62},"5":{"loc":{"start":{"line":62,"column":8},"end":{"line":62,"column":42}},"type":"binary-expr","locations":[{"start":{"line":62,"column":8},"end":{"line":62,"column":20}},{"start":{"line":62,"column":24},"end":{"line":62,"column":42}}],"line":62},"6":{"loc":{"start":{"line":74,"column":6},"end":{"line":97,"column":7}},"type":"if","locations":[{"start":{"line":74,"column":6},"end":{"line":97,"column":7}},{"start":{"line":76,"column":13},"end":{"line":97,"column":7}}],"line":74},"7":{"loc":{"start":{"line":184,"column":2},"end":{"line":187,"column":3}},"type":"if","locations":[{"start":{"line":184,"column":2},"end":{"line":187,"column":3}},{"start":{},"end":{}}],"line":184},"8":{"loc":{"start":{"line":188,"column":2},"end":{"line":214,"column":3}},"type":"if","locations":[{"start":{"line":188,"column":2},"end":{"line":214,"column":3}},{"start":{"line":212,"column":9},"end":{"line":214,"column":3}}],"line":188},"9":{"loc":{"start":{"line":191,"column":6},"end":{"line":207,"column":7}},"type":"if","locations":[{"start":{"line":191,"column":6},"end":{"line":207,"column":7}},{"start":{"line":193,"column":13},"end":{"line":207,"column":7}}],"line":191}},"s":{"0":2,"1":2,"2":2,"3":2,"4":2,"5":2,"6":2,"7":2,"8":2,"9":2,"10":0,"11":0,"12":0,"13":0,"14":0,"15":0,"16":0,"17":0,"18":0,"19":2,"20":2,"21":3,"22":3,"23":3,"24":3,"25":1,"26":1,"27":1,"28":1,"29":1,"30":1,"31":0,"32":0,"33":0,"34":0,"35":0,"36":0,"37":0,"38":0,"39":0,"40":0,"41":0,"42":0,"43":0,"44":0,"45":0,"46":2,"47":2,"48":2,"49":0,"50":0,"51":0,"52":0,"53":0,"54":0,"55":0,"56":0,"57":0,"58":0,"59":0,"60":0,"61":0,"62":0,"63":0,"64":0,"65":0,"66":0,"67":0,"68":0,"69":0,"70":2,"71":0,"72":0,"73":0,"74":0},"f":{"0":0,"1":3,"2":0,"3":0,"4":0},"b":{"0":[0,0],"1":[3,1],"2":[1,0],"3":[0,0],"4":[0,0],"5":[0,0],"6":[0,0],"7":[0,0],"8":[0,0],"9":[0,0]},"_coverageSchema":"1a1c01bbd47fc00a2c39e90264f33305004495a9","hash":"95b0b80dde1d7483f09d8252fe2c69562c4a3dcd"}
,"C:\\Users\\IFECHUKWU\\Desktop\\URL SHORTENER\\middlewares\\passport.js": {"path":"C:\\Users\\IFECHUKWU\\Desktop\\URL SHORTENER\\middlewares\\passport.js","statementMap":{"0":{"start":{"line":1,"column":17},"end":{"line":1,"column":36}},"1":{"start":{"line":2,"column":22},"end":{"line":2,"column":56}},"2":{"start":{"line":3,"column":13},"end":{"line":3,"column":45}},"3":{"start":{"line":5,"column":0},"end":{"line":31,"column":2}},"4":{"start":{"line":13,"column":6},"end":{"line":28,"column":7}},"5":{"start":{"line":14,"column":21},"end":{"line":14,"column":31}},"6":{"start":{"line":16,"column":22},"end":{"line":16,"column":68}},"7":{"start":{"line":18,"column":29},"end":{"line":18,"column":67}},"8":{"start":{"line":20,"column":8},"end":{"line":22,"column":9}},"9":{"start":{"line":21,"column":10},"end":{"line":21,"column":71}},"10":{"start":{"line":25,"column":8},"end":{"line":25,"column":26}},"11":{"start":{"line":27,"column":8},"end":{"line":27,"column":20}},"12":{"start":{"line":34,"column":0},"end":{"line":36,"column":3}},"13":{"start":{"line":35,"column":2},"end":{"line":35,"column":22}},"14":{"start":{"line":39,"column":0},"end":{"line":47,"column":3}},"15":{"start":{"line":40,"column":2},"end":{"line":46,"column":3}},"16":{"start":{"line":42,"column":17},"end":{"line":42,"column":40}},"17":{"start":{"line":43,"column":4},"end":{"line":43,"column":21}},"18":{"start":{"line":45,"column":4},"end":{"line":45,"column":16}},"19":{"start":{"line":49,"column":0},"end":{"line":49,"column":26}}},"fnMap":{"0":{"name":"(anonymous_0)","decl":{"start":{"line":12,"column":4},"end":{"line":12,"column":5}},"loc":{"start":{"line":12,"column":37},"end":{"line":29,"column":5}},"line":12},"1":{"name":"(anonymous_1)","decl":{"start":{"line":34,"column":23},"end":{"line":34,"column":24}},"loc":{"start":{"line":34,"column":39},"end":{"line":36,"column":1}},"line":34},"2":{"name":"(anonymous_2)","decl":{"start":{"line":39,"column":25},"end":{"line":39,"column":26}},"loc":{"start":{"line":39,"column":45},"end":{"line":47,"column":1}},"line":39}},"branchMap":{"0":{"loc":{"start":{"line":20,"column":8},"end":{"line":22,"column":9}},"type":"if","locations":[{"start":{"line":20,"column":8},"end":{"line":22,"column":9}},{"start":{},"end":{}}],"line":20},"1":{"loc":{"start":{"line":20,"column":12},"end":{"line":20,"column":35}},"type":"binary-expr","locations":[{"start":{"line":20,"column":12},"end":{"line":20,"column":18}},{"start":{"line":20,"column":22},"end":{"line":20,"column":35}}],"line":20}},"s":{"0":2,"1":2,"2":2,"3":2,"4":0,"5":0,"6":0,"7":0,"8":0,"9":0,"10":0,"11":0,"12":2,"13":0,"14":2,"15":0,"16":0,"17":0,"18":0,"19":2},"f":{"0":0,"1":0,"2":0},"b":{"0":[0,0],"1":[0,0]},"_coverageSchema":"1a1c01bbd47fc00a2c39e90264f33305004495a9","hash":"abe768339905f3bf8437b2e7d488f976c3c4520f"}
,"C:\\Users\\IFECHUKWU\\Desktop\\URL SHORTENER\\model\\authModel.js": {"path":"C:\\Users\\IFECHUKWU\\Desktop\\URL SHORTENER\\model\\authModel.js","statementMap":{"0":{"start":{"line":1,"column":17},"end":{"line":1,"column":36}},"1":{"start":{"line":2,"column":15},"end":{"line":2,"column":32}},"2":{"start":{"line":3,"column":18},"end":{"line":3,"column":38}},"3":{"start":{"line":4,"column":15},"end":{"line":4,"column":32}},"4":{"start":{"line":6,"column":19},"end":{"line":54,"column":2}},"5":{"start":{"line":37,"column":8},"end":{"line":37,"column":37}},"6":{"start":{"line":57,"column":0},"end":{"line":66,"column":3}},"7":{"start":{"line":58,"column":2},"end":{"line":58,"column":50}},"8":{"start":{"line":58,"column":36},"end":{"line":58,"column":50}},"9":{"start":{"line":60,"column":25},"end":{"line":60,"column":61}},"10":{"start":{"line":62,"column":2},"end":{"line":62,"column":33}},"11":{"start":{"line":64,"column":2},"end":{"line":64,"column":35}},"12":{"start":{"line":65,"column":2},"end":{"line":65,"column":9}},"13":{"start":{"line":69,"column":0},"end":{"line":73,"column":3}},"14":{"start":{"line":70,"column":2},"end":{"line":70,"column":64}},"15":{"start":{"line":70,"column":50},"end":{"line":70,"column":64}},"16":{"start":{"line":71,"column":2},"end":{"line":71,"column":46}},"17":{"start":{"line":72,"column":2},"end":{"line":72,"column":9}},"18":{"start":{"line":76,"column":0},"end":{"line":78,"column":2}},"19":{"start":{"line":77,"column":2},"end":{"line":77,"column":63}},"20":{"start":{"line":81,"column":0},"end":{"line":85,"column":2}},"21":{"start":{"line":82,"column":2},"end":{"line":82,"column":45}},"22":{"start":{"line":82,"column":32},"end":{"line":82,"column":45}},"23":{"start":{"line":83,"column":21},"end":{"line":83,"column":59}},"24":{"start":{"line":84,"column":2},"end":{"line":84,"column":66}},"25":{"start":{"line":88,"column":0},"end":{"line":94,"column":2}},"26":{"start":{"line":89,"column":16},"end":{"line":89,"column":54}},"27":{"start":{"line":90,"column":22},"end":{"line":90,"column":77}},"28":{"start":{"line":91,"column":2},"end":{"line":91,"column":40}},"29":{"start":{"line":92,"column":2},"end":{"line":92,"column":66}},"30":{"start":{"line":93,"column":2},"end":{"line":93,"column":15}},"31":{"start":{"line":96,"column":13},"end":{"line":96,"column":51}},"32":{"start":{"line":98,"column":0},"end":{"line":98,"column":22}}},"fnMap":{"0":{"name":"(anonymous_0)","decl":{"start":{"line":36,"column":17},"end":{"line":36,"column":18}},"loc":{"start":{"line":36,"column":32},"end":{"line":38,"column":7}},"line":36},"1":{"name":"(anonymous_1)","decl":{"start":{"line":57,"column":23},"end":{"line":57,"column":24}},"loc":{"start":{"line":57,"column":45},"end":{"line":66,"column":1}},"line":57},"2":{"name":"(anonymous_2)","decl":{"start":{"line":69,"column":23},"end":{"line":69,"column":24}},"loc":{"start":{"line":69,"column":45},"end":{"line":73,"column":1}},"line":69},"3":{"name":"(anonymous_3)","decl":{"start":{"line":76,"column":39},"end":{"line":76,"column":40}},"loc":{"start":{"line":76,"column":73},"end":{"line":78,"column":1}},"line":76},"4":{"name":"(anonymous_4)","decl":{"start":{"line":81,"column":38},"end":{"line":81,"column":39}},"loc":{"start":{"line":81,"column":57},"end":{"line":85,"column":1}},"line":81},"5":{"name":"(anonymous_5)","decl":{"start":{"line":88,"column":35},"end":{"line":88,"column":36}},"loc":{"start":{"line":88,"column":47},"end":{"line":94,"column":1}},"line":88}},"branchMap":{"0":{"loc":{"start":{"line":58,"column":2},"end":{"line":58,"column":50}},"type":"if","locations":[{"start":{"line":58,"column":2},"end":{"line":58,"column":50}},{"start":{},"end":{}}],"line":58},"1":{"loc":{"start":{"line":70,"column":2},"end":{"line":70,"column":64}},"type":"if","locations":[{"start":{"line":70,"column":2},"end":{"line":70,"column":64}},{"start":{},"end":{}}],"line":70},"2":{"loc":{"start":{"line":70,"column":6},"end":{"line":70,"column":48}},"type":"binary-expr","locations":[{"start":{"line":70,"column":6},"end":{"line":70,"column":34}},{"start":{"line":70,"column":38},"end":{"line":70,"column":48}}],"line":70},"3":{"loc":{"start":{"line":82,"column":2},"end":{"line":82,"column":45}},"type":"if","locations":[{"start":{"line":82,"column":2},"end":{"line":82,"column":45}},{"start":{},"end":{}}],"line":82}},"s":{"0":2,"1":2,"2":2,"3":2,"4":2,"5":1,"6":2,"7":1,"8":0,"9":1,"10":1,"11":1,"12":1,"13":2,"14":1,"15":1,"16":0,"17":0,"18":2,"19":1,"20":2,"21":0,"22":0,"23":0,"24":0,"25":2,"26":0,"27":0,"28":0,"29":0,"30":0,"31":2,"32":2},"f":{"0":1,"1":1,"2":1,"3":1,"4":0,"5":0},"b":{"0":[0,1],"1":[1,0],"2":[1,1],"3":[0,0]},"_coverageSchema":"1a1c01bbd47fc00a2c39e90264f33305004495a9","hash":"fdcce9e3d3c8df4f9874366533be32f597b22e03"}
,"C:\\Users\\IFECHUKWU\\Desktop\\URL SHORTENER\\model\\userUrl.js": {"path":"C:\\Users\\IFECHUKWU\\Desktop\\URL SHORTENER\\model\\userUrl.js","statementMap":{"0":{"start":{"line":1,"column":17},"end":{"line":1,"column":36}},"1":{"start":{"line":2,"column":17},"end":{"line":2,"column":47}},"2":{"start":{"line":3,"column":22},"end":{"line":15,"column":2}},"3":{"start":{"line":17,"column":16},"end":{"line":17,"column":56}},"4":{"start":{"line":19,"column":0},"end":{"line":19,"column":25}}},"fnMap":{},"branchMap":{},"s":{"0":2,"1":2,"2":2,"3":2,"4":2},"f":{},"b":{},"_coverageSchema":"1a1c01bbd47fc00a2c39e90264f33305004495a9","hash":"cbd0685db5578b50fdb889258771fe2f06d00552"}
,"C:\\Users\\IFECHUKWU\\Desktop\\URL SHORTENER\\route\\authRoute.js": {"path":"C:\\Users\\IFECHUKWU\\Desktop\\URL SHORTENER\\route\\authRoute.js","statementMap":{"0":{"start":{"line":1,"column":16},"end":{"line":1,"column":34}},"1":{"start":{"line":2,"column":35},"end":{"line":2,"column":74}},"2":{"start":{"line":3,"column":15},"end":{"line":3,"column":31}},"3":{"start":{"line":5,"column":0},"end":{"line":5,"column":35}},"4":{"start":{"line":6,"column":0},"end":{"line":6,"column":34}},"5":{"start":{"line":8,"column":0},"end":{"line":8,"column":24}}},"fnMap":{},"branchMap":{},"s":{"0":2,"1":2,"2":2,"3":2,"4":2,"5":2},"f":{},"b":{},"_coverageSchema":"1a1c01bbd47fc00a2c39e90264f33305004495a9","hash":"b8b90cac15289fb43d2b16cee2f6bb310dabc88e"}
,"C:\\Users\\IFECHUKWU\\Desktop\\URL SHORTENER\\route\\url.js": {"path":"C:\\Users\\IFECHUKWU\\Desktop\\URL SHORTENER\\route\\url.js","statementMap":{"0":{"start":{"line":1,"column":16},"end":{"line":1,"column":34}},"1":{"start":{"line":2,"column":15},"end":{"line":2,"column":32}},"2":{"start":{"line":3,"column":17},"end":{"line":3,"column":36}},"3":{"start":{"line":9,"column":4},"end":{"line":9,"column":45}},"4":{"start":{"line":10,"column":0},"end":{"line":10,"column":16}},"5":{"start":{"line":11,"column":15},"end":{"line":11,"column":31}},"6":{"start":{"line":14,"column":0},"end":{"line":14,"column":34}},"7":{"start":{"line":15,"column":0},"end":{"line":15,"column":38}},"8":{"start":{"line":16,"column":0},"end":{"line":16,"column":35}},"9":{"start":{"line":17,"column":0},"end":{"line":17,"column":39}},"10":{"start":{"line":19,"column":0},"end":{"line":19,"column":24}}},"fnMap":{},"branchMap":{},"s":{"0":2,"1":2,"2":2,"3":2,"4":2,"5":2,"6":2,"7":2,"8":2,"9":2,"10":2},"f":{},"b":{},"_coverageSchema":"1a1c01bbd47fc00a2c39e90264f33305004495a9","hash":"50b0cca55e9a44f835d10c422b1089bfa77d1ced"}
,"C:\\Users\\IFECHUKWU\\Desktop\\URL SHORTENER\\utils\\genToken.js": {"path":"C:\\Users\\IFECHUKWU\\Desktop\\URL SHORTENER\\utils\\genToken.js","statementMap":{"0":{"start":{"line":1,"column":12},"end":{"line":1,"column":35}},"1":{"start":{"line":4,"column":18},"end":{"line":4,"column":26}},"2":{"start":{"line":5,"column":16},"end":{"line":8,"column":4}},"3":{"start":{"line":9,"column":2},"end":{"line":9,"column":15}},"4":{"start":{"line":12,"column":0},"end":{"line":12,"column":26}}},"fnMap":{"0":{"name":"genToken","decl":{"start":{"line":3,"column":9},"end":{"line":3,"column":17}},"loc":{"start":{"line":3,"column":24},"end":{"line":10,"column":1}},"line":3}},"branchMap":{},"s":{"0":2,"1":2,"2":2,"3":2,"4":2},"f":{"0":2},"b":{},"_coverageSchema":"1a1c01bbd47fc00a2c39e90264f33305004495a9","hash":"ff7f4af97270ba6aa80a04364a8527486fe90820"}
,"C:\\Users\\IFECHUKWU\\Desktop\\URL SHORTENER\\utils\\utils.js": {"path":"C:\\Users\\IFECHUKWU\\Desktop\\URL SHORTENER\\utils\\utils.js","statementMap":{"0":{"start":{"line":1,"column":14},"end":{"line":1,"column":30}},"1":{"start":{"line":3,"column":2},"end":{"line":21,"column":3}},"2":{"start":{"line":4,"column":21},"end":{"line":4,"column":41}},"3":{"start":{"line":6,"column":4},"end":{"line":10,"column":5}},"4":{"start":{"line":7,"column":6},"end":{"line":7,"column":18}},"5":{"start":{"line":9,"column":6},"end":{"line":9,"column":19}},"6":{"start":{"line":12,"column":4},"end":{"line":20,"column":5}},"7":{"start":{"line":14,"column":6},"end":{"line":16,"column":7}},"8":{"start":{"line":15,"column":8},"end":{"line":15,"column":75}},"9":{"start":{"line":19,"column":6},"end":{"line":19,"column":66}},"10":{"start":{"line":24,"column":0},"end":{"line":24,"column":29}}},"fnMap":{"0":{"name":"validateUrl","decl":{"start":{"line":2,"column":15},"end":{"line":2,"column":26}},"loc":{"start":{"line":2,"column":32},"end":{"line":22,"column":1}},"line":2}},"branchMap":{"0":{"loc":{"start":{"line":6,"column":4},"end":{"line":10,"column":5}},"type":"if","locations":[{"start":{"line":6,"column":4},"end":{"line":10,"column":5}},{"start":{"line":8,"column":11},"end":{"line":10,"column":5}}],"line":6},"1":{"loc":{"start":{"line":6,"column":8},"end":{"line":6,"column":55}},"type":"binary-expr","locations":[{"start":{"line":6,"column":8},"end":{"line":6,"column":30}},{"start":{"line":6,"column":34},"end":{"line":6,"column":55}}],"line":6},"2":{"loc":{"start":{"line":12,"column":4},"end":{"line":20,"column":5}},"type":"if","locations":[{"start":{"line":12,"column":4},"end":{"line":20,"column":5}},{"start":{"line":17,"column":11},"end":{"line":20,"column":5}}],"line":12},"3":{"loc":{"start":{"line":14,"column":6},"end":{"line":16,"column":7}},"type":"if","locations":[{"start":{"line":14,"column":6},"end":{"line":16,"column":7}},{"start":{},"end":{}}],"line":14}},"s":{"0":2,"1":0,"2":0,"3":0,"4":0,"5":0,"6":0,"7":0,"8":0,"9":0,"10":2},"f":{"0":0},"b":{"0":[0,0],"1":[0,0],"2":[0,0],"3":[0,0]},"_coverageSchema":"1a1c01bbd47fc00a2c39e90264f33305004495a9","hash":"3cd9837ef8e7e707d2ab96756e3b56b59af41c09"}
}
