TN:
SF:app.js
FN:29,(anonymous_0)
FN:61,(anonymous_1)
FN:64,(anonymous_2)
FN:67,(anonymous_3)
FN:70,(anonymous_4)
FN:73,(anonymous_5)
FN:82,(anonymous_6)
FNF:7
FNH:1
FNDA:0,(anonymous_0)
FNDA:1,(anonymous_1)
FNDA:0,(anonymous_2)
FNDA:0,(anonymous_3)
FNDA:0,(anonymous_4)
FNDA:0,(anonymous_5)
FNDA:0,(anonymous_6)
DA:1,2
DA:2,2
DA:3,2
DA:4,2
DA:5,2
DA:6,2
DA:7,2
DA:8,2
DA:10,2
DA:11,2
DA:13,2
DA:14,2
DA:15,2
DA:16,2
DA:18,2
DA:19,2
DA:20,2
DA:22,2
DA:24,2
DA:29,2
DA:30,0
DA:34,2
DA:47,2
DA:48,2
DA:49,2
DA:50,2
DA:51,2
DA:52,2
DA:54,2
DA:59,2
DA:61,2
DA:62,1
DA:64,2
DA:65,0
DA:67,2
DA:68,0
DA:70,2
DA:71,0
DA:73,2
DA:74,0
DA:77,2
DA:78,2
DA:82,2
DA:83,0
DA:84,0
DA:85,0
DA:91,2
LF:47
LH:39
BRDA:83,0,0,0
BRDA:83,0,1,0
BRDA:84,1,0,0
BRDA:84,1,1,0
BRF:4
BRH:0
end_of_record
TN:
SF:controller\authController.js
FN:6,(anonymous_0)
FN:41,(anonymous_1)
FNF:2
FNH:2
FNDA:1,(anonymous_0)
FNDA:1,(anonymous_1)
DA:1,2
DA:2,2
DA:3,2
DA:4,2
DA:6,2
DA:7,1
DA:8,1
DA:9,1
DA:16,1
DA:17,1
DA:18,1
DA:19,1
DA:21,1
DA:23,1
DA:25,0
DA:34,1
DA:37,0
DA:41,2
DA:42,1
DA:43,1
DA:45,1
DA:46,0
DA:48,1
DA:50,1
DA:51,0
DA:55,1
DA:56,1
DA:57,1
DA:59,1
DA:61,1
DA:63,0
DA:72,1
DA:75,0
LF:33
LH:27
BRDA:21,0,0,1
BRDA:21,0,1,1
BRDA:23,1,0,0
BRDA:23,1,1,1
BRDA:23,2,0,1
BRDA:23,2,1,0
BRDA:45,3,0,0
BRDA:45,3,1,1
BRDA:45,4,0,1
BRDA:45,4,1,1
BRDA:50,5,0,0
BRDA:50,5,1,1
BRDA:50,6,0,1
BRDA:50,6,1,1
BRDA:59,7,0,1
BRDA:59,7,1,1
BRDA:61,8,0,0
BRDA:61,8,1,1
BRDA:61,9,0,1
BRDA:61,9,1,0
BRF:20
BRH:14
end_of_record
TN:
SF:controller\urlController.js
FN:11,(anonymous_0)
FN:33,(anonymous_1)
FN:170,(anonymous_2)
FN:217,(anonymous_3)
FN:220,(anonymous_4)
FNF:5
FNH:1
FNDA:0,(anonymous_0)
FNDA:3,(anonymous_1)
FNDA:0,(anonymous_2)
FNDA:0,(anonymous_3)
FNDA:0,(anonymous_4)
DA:1,2
DA:2,2
DA:3,2
DA:4,2
DA:5,2
DA:6,2
DA:7,2
DA:8,2
DA:9,2
DA:11,2
DA:12,0
DA:13,0
DA:14,0
DA:15,0
DA:16,0
DA:21,0
DA:23,0
DA:26,0
DA:27,0
DA:31,2
DA:33,2
DA:34,3
DA:35,3
DA:36,3
DA:39,3
DA:45,1
DA:46,1
DA:49,1
DA:50,1
DA:52,1
DA:54,1
DA:57,0
DA:62,0
DA:67,0
DA:68,0
DA:70,0
DA:73,0
DA:74,0
DA:75,0
DA:77,0
DA:80,0
DA:89,0
DA:90,0
DA:93,0
DA:96,0
DA:100,0
DA:103,2
DA:104,2
DA:170,2
DA:172,0
DA:174,0
DA:176,0
DA:181,0
DA:182,0
DA:184,0
DA:186,0
DA:188,0
DA:189,0
DA:190,0
DA:191,0
DA:192,0
DA:194,0
DA:196,0
DA:202,0
DA:204,0
DA:205,0
DA:206,0
DA:209,0
DA:210,0
DA:213,0
DA:217,2
DA:218,0
DA:219,0
DA:220,0
DA:221,0
LF:75
LH:26
BRDA:15,0,0,0
BRDA:15,0,1,0
BRDA:36,1,0,3
BRDA:36,1,1,1
BRDA:52,2,0,1
BRDA:52,2,1,0
BRDA:57,3,0,0
BRDA:57,3,1,0
BRDA:62,4,0,0
BRDA:62,4,1,0
BRDA:62,5,0,0
BRDA:62,5,1,0
BRDA:74,6,0,0
BRDA:74,6,1,0
BRDA:184,7,0,0
BRDA:184,7,1,0
BRDA:188,8,0,0
BRDA:188,8,1,0
BRDA:191,9,0,0
BRDA:191,9,1,0
BRF:20
BRH:3
end_of_record
TN:
SF:middlewares\passport.js
FN:12,(anonymous_0)
FN:34,(anonymous_1)
FN:39,(anonymous_2)
FNF:3
FNH:0
FNDA:0,(anonymous_0)
FNDA:0,(anonymous_1)
FNDA:0,(anonymous_2)
DA:1,2
DA:2,2
DA:3,2
DA:5,2
DA:13,0
DA:14,0
DA:16,0
DA:18,0
DA:20,0
DA:21,0
DA:25,0
DA:27,0
DA:34,2
DA:35,0
DA:39,2
DA:40,0
DA:42,0
DA:43,0
DA:45,0
DA:49,2
LF:20
LH:7
BRDA:20,0,0,0
BRDA:20,0,1,0
BRDA:20,1,0,0
BRDA:20,1,1,0
BRF:4
BRH:0
end_of_record
TN:
SF:model\authModel.js
FN:36,(anonymous_0)
FN:57,(anonymous_1)
FN:69,(anonymous_2)
FN:76,(anonymous_3)
FN:81,(anonymous_4)
FN:88,(anonymous_5)
FNF:6
FNH:4
FNDA:1,(anonymous_0)
FNDA:1,(anonymous_1)
FNDA:1,(anonymous_2)
FNDA:1,(anonymous_3)
FNDA:0,(anonymous_4)
FNDA:0,(anonymous_5)
DA:1,2
DA:2,2
DA:3,2
DA:4,2
DA:6,2
DA:37,1
DA:57,2
DA:58,1
DA:60,1
DA:62,1
DA:64,1
DA:65,1
DA:69,2
DA:70,1
DA:71,0
DA:72,0
DA:76,2
DA:77,1
DA:81,2
DA:82,0
DA:83,0
DA:84,0
DA:88,2
DA:89,0
DA:90,0
DA:91,0
DA:92,0
DA:93,0
DA:96,2
DA:98,2
LF:30
LH:20
BRDA:58,0,0,0
BRDA:58,0,1,1
BRDA:70,1,0,1
BRDA:70,1,1,0
BRDA:70,2,0,1
BRDA:70,2,1,1
BRDA:82,3,0,0
BRDA:82,3,1,0
BRF:8
BRH:4
end_of_record
TN:
SF:model\userUrl.js
FNF:0
FNH:0
DA:1,2
DA:2,2
DA:3,2
DA:17,2
DA:19,2
LF:5
LH:5
BRF:0
BRH:0
end_of_record
TN:
SF:route\authRoute.js
FNF:0
FNH:0
DA:1,2
DA:2,2
DA:3,2
DA:5,2
DA:6,2
DA:8,2
LF:6
LH:6
BRF:0
BRH:0
end_of_record
TN:
SF:route\url.js
FNF:0
FNH:0
DA:1,2
DA:2,2
DA:3,2
DA:9,2
DA:10,2
DA:11,2
DA:14,2
DA:15,2
DA:16,2
DA:17,2
DA:19,2
LF:11
LH:11
BRF:0
BRH:0
end_of_record
TN:
SF:utils\genToken.js
FN:3,genToken
FNF:1
FNH:1
FNDA:2,genToken
DA:1,2
DA:4,2
DA:5,2
DA:9,2
DA:12,2
LF:5
LH:5
BRF:0
BRH:0
end_of_record
TN:
SF:utils\utils.js
FN:2,validateUrl
FNF:1
FNH:0
FNDA:0,validateUrl
DA:1,2
DA:3,0
DA:4,0
DA:6,0
DA:7,0
DA:9,0
DA:12,0
DA:14,0
DA:15,0
DA:19,0
DA:24,2
LF:11
LH:2
BRDA:6,0,0,0
BRDA:6,0,1,0
BRDA:6,1,0,0
BRDA:6,1,1,0
BRDA:12,2,0,0
BRDA:12,2,1,0
BRDA:14,3,0,0
BRDA:14,3,1,0
BRF:8
BRH:0
end_of_record
